<?xml version="1.0" encoding="UTF-8"?>
<testsuite xmlns:xsi="http://www.w3.org/2001/XMLSchema-instance" xsi:noNamespaceSchemaLocation="https://maven.apache.org/surefire/maven-surefire-plugin/xsd/surefire-test-report-3.0.xsd" version="3.0" name="com.iut.banque.test.dao.TestsDaoHibernate" time="1.43" tests="28" errors="0" skipped="0" failures="0">
  <properties>
    <property name="sun.desktop" value="windows"/>
    <property name="awt.toolkit" value="sun.awt.windows.WToolkit"/>
    <property name="java.specification.version" value="11"/>
    <property name="sun.cpu.isalist" value="amd64"/>
    <property name="sun.jnu.encoding" value="Cp1252"/>
    <property name="java.class.path" value="D:\Github\But3DevOpsG5\_00_ASBank2023\target\test-classes;D:\Github\But3DevOpsG5\_00_ASBank2023\target\classes;C:\Users\ydema\.m2\repository\org\hibernate\hibernate-core\5.1.17.Final\hibernate-core-5.1.17.Final.jar;C:\Users\ydema\.m2\repository\org\jboss\logging\jboss-logging\3.3.0.Final\jboss-logging-3.3.0.Final.jar;C:\Users\ydema\.m2\repository\org\hibernate\javax\persistence\hibernate-jpa-2.1-api\1.0.0.Final\hibernate-jpa-2.1-api-1.0.0.Final.jar;C:\Users\ydema\.m2\repository\org\javassist\javassist\3.20.0-GA\javassist-3.20.0-GA.jar;C:\Users\ydema\.m2\repository\antlr\antlr\2.7.7\antlr-2.7.7.jar;C:\Users\ydema\.m2\repository\org\apache\geronimo\specs\geronimo-jta_1.1_spec\1.1.1\geronimo-jta_1.1_spec-1.1.1.jar;C:\Users\ydema\.m2\repository\org\jboss\jandex\2.0.3.Final\jandex-2.0.3.Final.jar;C:\Users\ydema\.m2\repository\com\fasterxml\classmate\1.3.0\classmate-1.3.0.jar;C:\Users\ydema\.m2\repository\org\dom4j\dom4j\2.1.1\dom4j-2.1.1.jar;C:\Users\ydema\.m2\repository\org\hibernate\common\hibernate-commons-annotations\5.0.1.Final\hibernate-commons-annotations-5.0.1.Final.jar;C:\Users\ydema\.m2\repository\com\mysql\mysql-connector-j\8.0.33\mysql-connector-j-8.0.33.jar;C:\Users\ydema\.m2\repository\com\google\protobuf\protobuf-java\3.21.9\protobuf-java-3.21.9.jar;C:\Users\ydema\.m2\repository\org\springframework\spring-context\4.2.6.RELEASE\spring-context-4.2.6.RELEASE.jar;C:\Users\ydema\.m2\repository\org\springframework\spring-aop\4.2.6.RELEASE\spring-aop-4.2.6.RELEASE.jar;C:\Users\ydema\.m2\repository\aopalliance\aopalliance\1.0\aopalliance-1.0.jar;C:\Users\ydema\.m2\repository\org\springframework\spring-beans\4.2.6.RELEASE\spring-beans-4.2.6.RELEASE.jar;C:\Users\ydema\.m2\repository\org\springframework\spring-core\4.2.6.RELEASE\spring-core-4.2.6.RELEASE.jar;C:\Users\ydema\.m2\repository\commons-logging\commons-logging\1.2\commons-logging-1.2.jar;C:\Users\ydema\.m2\repository\org\springframework\spring-expression\4.2.6.RELEASE\spring-expression-4.2.6.RELEASE.jar;C:\Users\ydema\.m2\repository\org\springframework\spring-orm\4.2.6.RELEASE\spring-orm-4.2.6.RELEASE.jar;C:\Users\ydema\.m2\repository\org\springframework\spring-jdbc\4.2.6.RELEASE\spring-jdbc-4.2.6.RELEASE.jar;C:\Users\ydema\.m2\repository\org\springframework\spring-tx\4.2.6.RELEASE\spring-tx-4.2.6.RELEASE.jar;C:\Users\ydema\.m2\repository\org\springframework\spring-web\4.2.6.RELEASE\spring-web-4.2.6.RELEASE.jar;C:\Users\ydema\.m2\repository\org\springframework\spring-test\4.2.6.RELEASE\spring-test-4.2.6.RELEASE.jar;C:\Users\ydema\.m2\repository\org\apache\struts\struts2-core\2.3.37\struts2-core-2.3.37.jar;C:\Users\ydema\.m2\repository\org\apache\struts\xwork\xwork-core\2.3.37\xwork-core-2.3.37.jar;C:\Users\ydema\.m2\repository\org\apache\commons\commons-lang3\3.2\commons-lang3-3.2.jar;C:\Users\ydema\.m2\repository\asm\asm\3.3\asm-3.3.jar;C:\Users\ydema\.m2\repository\asm\asm-commons\3.3\asm-commons-3.3.jar;C:\Users\ydema\.m2\repository\asm\asm-tree\3.3\asm-tree-3.3.jar;C:\Users\ydema\.m2\repository\org\freemarker\freemarker\2.3.28\freemarker-2.3.28.jar;C:\Users\ydema\.m2\repository\ognl\ognl\3.0.21\ognl-3.0.21.jar;C:\Users\ydema\.m2\repository\javassist\javassist\3.11.0.GA\javassist-3.11.0.GA.jar;C:\Users\ydema\.m2\repository\commons-fileupload\commons-fileupload\1.4\commons-fileupload-1.4.jar;C:\Users\ydema\.m2\repository\commons-io\commons-io\2.2\commons-io-2.2.jar;C:\Users\ydema\.m2\repository\junit\junit\4.12\junit-4.12.jar;C:\Users\ydema\.m2\repository\org\hamcrest\hamcrest-core\1.3\hamcrest-core-1.3.jar;C:\Users\ydema\.m2\repository\commons-pool\commons-pool\1.6\commons-pool-1.6.jar;C:\Users\ydema\.m2\repository\commons-dbcp\commons-dbcp\1.2.2\commons-dbcp-1.2.2.jar;C:\Users\ydema\.m2\repository\com\google\gwt\gwt-servlet\2.7.0\gwt-servlet-2.7.0.jar;C:\Users\ydema\.m2\repository\com\sencha\gxt\gxt\3.0.1\gxt-3.0.1.jar;C:\Users\ydema\.m2\repository\javax\validation\validation-api\1.0.0.GA\validation-api-1.0.0.GA.jar;C:\Users\ydema\.m2\repository\javax\validation\validation-api\1.0.0.GA\validation-api-1.0.0.GA-sources.jar;C:\Users\ydema\.m2\repository\org\json\json\20090211\json-20090211.jar;C:\Users\ydema\.m2\repository\javax\servlet\javax.servlet-api\3.1.0\javax.servlet-api-3.1.0.jar;C:\Users\ydema\.m2\repository\javax\xml\bind\jaxb-api\2.2.11\jaxb-api-2.2.11.jar;C:\Users\ydema\.m2\repository\com\sun\xml\bind\jaxb-core\2.2.11\jaxb-core-2.2.11.jar;C:\Users\ydema\.m2\repository\com\sun\xml\bind\jaxb-impl\2.2.11\jaxb-impl-2.2.11.jar;C:\Users\ydema\.m2\repository\javax\activation\activation\1.1.1\activation-1.1.1.jar;"/>
    <property name="java.vm.vendor" value="Oracle Corporation"/>
    <property name="sun.arch.data.model" value="64"/>
    <property name="user.variant" value=""/>
    <property name="java.vendor.url" value="https://openjdk.java.net/"/>
    <property name="user.timezone" value="Europe/Paris"/>
    <property name="java.vm.specification.version" value="11"/>
    <property name="os.name" value="Windows 11"/>
    <property name="sun.java.launcher" value="SUN_STANDARD"/>
    <property name="user.country" value="FR"/>
    <property name="sun.boot.library.path" value="D:\java\jdk-11.0.22_windows-x64_bin\jdk-11.0.22\bin"/>
    <property name="sun.java.command" value="C:\Users\ydema\AppData\Local\Temp\surefire16089965138872366805\surefirebooter-20241005150248486_3.jar C:\Users\ydema\AppData\Local\Temp\surefire16089965138872366805 2024-10-05T15-02-48_238-jvmRun1 surefire-20241005150248486_1tmp surefire_0-20241005150248486_2tmp"/>
    <property name="jdk.debug" value="release"/>
    <property name="surefire.test.class.path" value="D:\Github\But3DevOpsG5\_00_ASBank2023\target\test-classes;D:\Github\But3DevOpsG5\_00_ASBank2023\target\classes;C:\Users\ydema\.m2\repository\org\hibernate\hibernate-core\5.1.17.Final\hibernate-core-5.1.17.Final.jar;C:\Users\ydema\.m2\repository\org\jboss\logging\jboss-logging\3.3.0.Final\jboss-logging-3.3.0.Final.jar;C:\Users\ydema\.m2\repository\org\hibernate\javax\persistence\hibernate-jpa-2.1-api\1.0.0.Final\hibernate-jpa-2.1-api-1.0.0.Final.jar;C:\Users\ydema\.m2\repository\org\javassist\javassist\3.20.0-GA\javassist-3.20.0-GA.jar;C:\Users\ydema\.m2\repository\antlr\antlr\2.7.7\antlr-2.7.7.jar;C:\Users\ydema\.m2\repository\org\apache\geronimo\specs\geronimo-jta_1.1_spec\1.1.1\geronimo-jta_1.1_spec-1.1.1.jar;C:\Users\ydema\.m2\repository\org\jboss\jandex\2.0.3.Final\jandex-2.0.3.Final.jar;C:\Users\ydema\.m2\repository\com\fasterxml\classmate\1.3.0\classmate-1.3.0.jar;C:\Users\ydema\.m2\repository\org\dom4j\dom4j\2.1.1\dom4j-2.1.1.jar;C:\Users\ydema\.m2\repository\org\hibernate\common\hibernate-commons-annotations\5.0.1.Final\hibernate-commons-annotations-5.0.1.Final.jar;C:\Users\ydema\.m2\repository\com\mysql\mysql-connector-j\8.0.33\mysql-connector-j-8.0.33.jar;C:\Users\ydema\.m2\repository\com\google\protobuf\protobuf-java\3.21.9\protobuf-java-3.21.9.jar;C:\Users\ydema\.m2\repository\org\springframework\spring-context\4.2.6.RELEASE\spring-context-4.2.6.RELEASE.jar;C:\Users\ydema\.m2\repository\org\springframework\spring-aop\4.2.6.RELEASE\spring-aop-4.2.6.RELEASE.jar;C:\Users\ydema\.m2\repository\aopalliance\aopalliance\1.0\aopalliance-1.0.jar;C:\Users\ydema\.m2\repository\org\springframework\spring-beans\4.2.6.RELEASE\spring-beans-4.2.6.RELEASE.jar;C:\Users\ydema\.m2\repository\org\springframework\spring-core\4.2.6.RELEASE\spring-core-4.2.6.RELEASE.jar;C:\Users\ydema\.m2\repository\commons-logging\commons-logging\1.2\commons-logging-1.2.jar;C:\Users\ydema\.m2\repository\org\springframework\spring-expression\4.2.6.RELEASE\spring-expression-4.2.6.RELEASE.jar;C:\Users\ydema\.m2\repository\org\springframework\spring-orm\4.2.6.RELEASE\spring-orm-4.2.6.RELEASE.jar;C:\Users\ydema\.m2\repository\org\springframework\spring-jdbc\4.2.6.RELEASE\spring-jdbc-4.2.6.RELEASE.jar;C:\Users\ydema\.m2\repository\org\springframework\spring-tx\4.2.6.RELEASE\spring-tx-4.2.6.RELEASE.jar;C:\Users\ydema\.m2\repository\org\springframework\spring-web\4.2.6.RELEASE\spring-web-4.2.6.RELEASE.jar;C:\Users\ydema\.m2\repository\org\springframework\spring-test\4.2.6.RELEASE\spring-test-4.2.6.RELEASE.jar;C:\Users\ydema\.m2\repository\org\apache\struts\struts2-core\2.3.37\struts2-core-2.3.37.jar;C:\Users\ydema\.m2\repository\org\apache\struts\xwork\xwork-core\2.3.37\xwork-core-2.3.37.jar;C:\Users\ydema\.m2\repository\org\apache\commons\commons-lang3\3.2\commons-lang3-3.2.jar;C:\Users\ydema\.m2\repository\asm\asm\3.3\asm-3.3.jar;C:\Users\ydema\.m2\repository\asm\asm-commons\3.3\asm-commons-3.3.jar;C:\Users\ydema\.m2\repository\asm\asm-tree\3.3\asm-tree-3.3.jar;C:\Users\ydema\.m2\repository\org\freemarker\freemarker\2.3.28\freemarker-2.3.28.jar;C:\Users\ydema\.m2\repository\ognl\ognl\3.0.21\ognl-3.0.21.jar;C:\Users\ydema\.m2\repository\javassist\javassist\3.11.0.GA\javassist-3.11.0.GA.jar;C:\Users\ydema\.m2\repository\commons-fileupload\commons-fileupload\1.4\commons-fileupload-1.4.jar;C:\Users\ydema\.m2\repository\commons-io\commons-io\2.2\commons-io-2.2.jar;C:\Users\ydema\.m2\repository\junit\junit\4.12\junit-4.12.jar;C:\Users\ydema\.m2\repository\org\hamcrest\hamcrest-core\1.3\hamcrest-core-1.3.jar;C:\Users\ydema\.m2\repository\commons-pool\commons-pool\1.6\commons-pool-1.6.jar;C:\Users\ydema\.m2\repository\commons-dbcp\commons-dbcp\1.2.2\commons-dbcp-1.2.2.jar;C:\Users\ydema\.m2\repository\com\google\gwt\gwt-servlet\2.7.0\gwt-servlet-2.7.0.jar;C:\Users\ydema\.m2\repository\com\sencha\gxt\gxt\3.0.1\gxt-3.0.1.jar;C:\Users\ydema\.m2\repository\javax\validation\validation-api\1.0.0.GA\validation-api-1.0.0.GA.jar;C:\Users\ydema\.m2\repository\javax\validation\validation-api\1.0.0.GA\validation-api-1.0.0.GA-sources.jar;C:\Users\ydema\.m2\repository\org\json\json\20090211\json-20090211.jar;C:\Users\ydema\.m2\repository\javax\servlet\javax.servlet-api\3.1.0\javax.servlet-api-3.1.0.jar;C:\Users\ydema\.m2\repository\javax\xml\bind\jaxb-api\2.2.11\jaxb-api-2.2.11.jar;C:\Users\ydema\.m2\repository\com\sun\xml\bind\jaxb-core\2.2.11\jaxb-core-2.2.11.jar;C:\Users\ydema\.m2\repository\com\sun\xml\bind\jaxb-impl\2.2.11\jaxb-impl-2.2.11.jar;C:\Users\ydema\.m2\repository\javax\activation\activation\1.1.1\activation-1.1.1.jar;"/>
    <property name="sun.cpu.endian" value="little"/>
    <property name="user.home" value="C:\Users\ydema"/>
    <property name="user.language" value="fr"/>
    <property name="java.specification.vendor" value="Oracle Corporation"/>
    <property name="java.version.date" value="2024-01-16"/>
    <property name="java.home" value="D:\java\jdk-11.0.22_windows-x64_bin\jdk-11.0.22"/>
    <property name="file.separator" value="\"/>
    <property name="basedir" value="D:\Github\But3DevOpsG5\_00_ASBank2023"/>
    <property name="java.vm.compressedOopsMode" value="Zero based"/>
    <property name="line.separator" value="&#10;"/>
    <property name="java.specification.name" value="Java Platform API Specification"/>
    <property name="java.vm.specification.vendor" value="Oracle Corporation"/>
    <property name="java.awt.graphicsenv" value="sun.awt.Win32GraphicsEnvironment"/>
    <property name="surefire.real.class.path" value="C:\Users\ydema\AppData\Local\Temp\surefire16089965138872366805\surefirebooter-20241005150248486_3.jar"/>
    <property name="user.script" value=""/>
    <property name="sun.management.compiler" value="HotSpot 64-Bit Tiered Compilers"/>
    <property name="java.runtime.version" value="11.0.22+9-LTS-219"/>
    <property name="user.name" value="ydema"/>
    <property name="path.separator" value=";"/>
    <property name="os.version" value="10.0"/>
    <property name="java.runtime.name" value="Java(TM) SE Runtime Environment"/>
    <property name="file.encoding" value="Cp1252"/>
    <property name="java.vm.name" value="Java HotSpot(TM) 64-Bit Server VM"/>
    <property name="java.vendor.version" value="18.9"/>
    <property name="localRepository" value="C:\Users\ydema\.m2\repository"/>
    <property name="java.vendor.url.bug" value="https://bugreport.java.com/bugreport/"/>
    <property name="java.io.tmpdir" value="C:\Users\ydema\AppData\Local\Temp\"/>
    <property name="java.version" value="11.0.22"/>
    <property name="user.dir" value="D:\Github\But3DevOpsG5\_00_ASBank2023"/>
    <property name="os.arch" value="amd64"/>
    <property name="java.vm.specification.name" value="Java Virtual Machine Specification"/>
    <property name="java.awt.printerjob" value="sun.awt.windows.WPrinterJob"/>
    <property name="sun.os.patch.level" value=""/>
    <property name="java.library.path" value="D:\java\jdk-11.0.22_windows-x64_bin\jdk-11.0.22\bin;C:\WINDOWS\Sun\Java\bin;C:\WINDOWS\system32;C:\WINDOWS;C:\WINDOWS\system32;C:\WINDOWS;C:\WINDOWS\System32\Wbem;C:\WINDOWS\System32\WindowsPowerShell\v1.0\;C:\WINDOWS\System32\OpenSSH\;C:\Users\ydema\AppData\Local\Programs\Python\Python310\Scripts;D:\Git\cmd;C:\Program Files\dotnet\;C:\ProgramData\ComposerSetup\bin;C:\Program Files (x86)\dotnet\;D:\Apps\Node.js\;C:\Program Files\dotnet;C:\w64devkit\bin;C:\Users\ydema\AppData\Local\Programs\Microsoft VS Code\bin;C:\Users\ydema\AppData\Local\GitHubDesktop\bin;C:\Users\ydema\.deno\bin;C:\Users\ydema\AppData\Local\Programs\Python\Python310\python.exe;C:\Users\ydema\.dotnet\tools;D:\FlutterInstall\flutter\flutter;C:\Users\ydema\Desktop\code\s4\devMob\Flutter;C:\Users\ydema\AppData\Local\Programs\Python\Python310;C:\Users\ydema\npm-global;D:\gradle\gradle-8.5-all\gradle-8.5\bin;D:\java\jdk-11.0.22_windows-x64_bin\jdk-11.0.22\bin;C:\Users\ydema\AppData\Local\Android\Sdk\platforms;C:\Users\ydema\AppData\Local\Android\Sdk\cmdline-tools\latest\bin;C:\Users\ydema\AppData\Roaming\Composer\vendor\bin;C:\symfony-cli;D:\Apps\maven\apache-maven-3.9.9-bin\apache-maven-3.9.9\bin;D:\Apps\Tomcat\apache-tomcat-9.0.94\apache-tomcat-9.0.94\bin;C:\Windows\Microsoft.NET\Framework64\v4.0.30319;C:\Users\ydema\AppData\Roaming\npm;C:\php-8.3.11;;."/>
    <property name="java.vendor" value="Oracle Corporation"/>
    <property name="java.vm.info" value="mixed mode"/>
    <property name="java.vm.version" value="11.0.22+9-LTS-219"/>
    <property name="java.specification.maintenance.version" value="2"/>
    <property name="sun.io.unicode.encoding" value="UnicodeLittle"/>
    <property name="java.class.version" value="55.0"/>
  </properties>
  <testcase name="testIsUserAllowedUserDoesntExist" classname="com.iut.banque.test.dao.TestsDaoHibernate" time="0.063">
    <system-out><![CDATA[==================
Création de la Dao
]]></system-out>
    <system-err><![CDATA[oct. 05, 2024 3:02:49 PM org.springframework.test.context.support.DefaultTestContextBootstrapper getDefaultTestExecutionListenerClassNames
INFO: Loaded default TestExecutionListener class names from location [META-INF/spring.factories]: [org.springframework.test.context.web.ServletTestExecutionListener, org.springframework.test.context.support.DirtiesContextBeforeModesTestExecutionListener, org.springframework.test.context.support.DependencyInjectionTestExecutionListener, org.springframework.test.context.support.DirtiesContextTestExecutionListener, org.springframework.test.context.transaction.TransactionalTestExecutionListener, org.springframework.test.context.jdbc.SqlScriptsTestExecutionListener]
oct. 05, 2024 3:02:49 PM org.springframework.test.context.support.DefaultTestContextBootstrapper getTestExecutionListeners
INFO: Using TestExecutionListeners: [org.springframework.test.context.web.ServletTestExecutionListener@62e7f11d, org.springframework.test.context.support.DirtiesContextBeforeModesTestExecutionListener@503d687a, org.springframework.test.context.support.DependencyInjectionTestExecutionListener@6a370f4, org.springframework.test.context.support.DirtiesContextTestExecutionListener@2abf4075, org.springframework.test.context.transaction.TransactionalTestExecutionListener@770d3326, org.springframework.test.context.jdbc.SqlScriptsTestExecutionListener@4cc8eb05]
oct. 05, 2024 3:02:49 PM org.springframework.beans.factory.xml.XmlBeanDefinitionReader loadBeanDefinitions
INFO: Loading XML bean definitions from class path resource [test/resources/TestsDaoHibernate-context.xml]
oct. 05, 2024 3:02:49 PM org.springframework.context.support.GenericApplicationContext prepareRefresh
INFO: Refreshing org.springframework.context.support.GenericApplicationContext@14555e0a: startup date [Sat Oct 05 15:02:49 CEST 2024]; root of context hierarchy
oct. 05, 2024 3:02:49 PM org.hibernate.Version logVersion
INFO: HHH000412: Hibernate Core {5.1.17.Final}
oct. 05, 2024 3:02:49 PM org.hibernate.cfg.Environment <clinit>
INFO: HHH000206: hibernate.properties not found
oct. 05, 2024 3:02:49 PM org.hibernate.cfg.Environment buildBytecodeProvider
INFO: HHH000021: Bytecode provider name : javassist
oct. 05, 2024 3:02:49 PM org.hibernate.annotations.common.reflection.java.JavaReflectionManager <clinit>
INFO: HCANN000001: Hibernate Commons Annotations {5.0.1.Final}
Loading class `com.mysql.jdbc.Driver'. This is deprecated. The new driver class is `com.mysql.cj.jdbc.Driver'. The driver is automatically registered via the SPI and manual loading of the driver class is generally unnecessary.
oct. 05, 2024 3:02:49 PM org.hibernate.dialect.Dialect <init>
INFO: HHH000400: Using dialect: org.hibernate.dialect.MySQLInnoDBDialect
oct. 05, 2024 3:02:50 PM org.springframework.orm.hibernate5.HibernateTransactionManager afterPropertiesSet
INFO: Using DataSource [org.apache.commons.dbcp.BasicDataSource@79c5460e] of Hibernate SessionFactory for HibernateTransactionManager
oct. 05, 2024 3:02:50 PM org.springframework.test.context.transaction.TransactionContext startTransaction
INFO: Began transaction (1) for test context [DefaultTestContext@2489e84a testClass = TestsDaoHibernate, testInstance = com.iut.banque.test.dao.TestsDaoHibernate@2a39aa2b, testMethod = testIsUserAllowedUserDoesntExist@TestsDaoHibernate, testException = [null], mergedContextConfiguration = [MergedContextConfiguration@6015a4a5 testClass = TestsDaoHibernate, locations = '{classpath:/test/resources/TestsDaoHibernate-context.xml}', classes = '{}', contextInitializerClasses = '[]', activeProfiles = '{}', propertySourceLocations = '{}', propertySourceProperties = '{}', contextLoader = 'org.springframework.test.context.support.DelegatingSmartContextLoader', parent = [null]]]; transaction manager [org.springframework.orm.hibernate5.HibernateTransactionManager@62b93086]; rollback [true]
oct. 05, 2024 3:02:50 PM org.springframework.test.context.transaction.TransactionContext endTransaction
INFO: Rolled back transaction for test context [DefaultTestContext@2489e84a testClass = TestsDaoHibernate, testInstance = com.iut.banque.test.dao.TestsDaoHibernate@2a39aa2b, testMethod = testIsUserAllowedUserDoesntExist@TestsDaoHibernate, testException = [null], mergedContextConfiguration = [MergedContextConfiguration@6015a4a5 testClass = TestsDaoHibernate, locations = '{classpath:/test/resources/TestsDaoHibernate-context.xml}', classes = '{}', contextInitializerClasses = '[]', activeProfiles = '{}', propertySourceLocations = '{}', propertySourceProperties = '{}', contextLoader = 'org.springframework.test.context.support.DelegatingSmartContextLoader', parent = [null]]].
]]></system-err>
  </testcase>
  <testcase name="testGetAccountByIdExist" classname="com.iut.banque.test.dao.TestsDaoHibernate" time="0.019">
    <system-err><![CDATA[oct. 05, 2024 3:02:50 PM org.springframework.test.context.transaction.TransactionContext startTransaction
INFO: Began transaction (1) for test context [DefaultTestContext@2489e84a testClass = TestsDaoHibernate, testInstance = com.iut.banque.test.dao.TestsDaoHibernate@3f81621c, testMethod = testGetAccountByIdExist@TestsDaoHibernate, testException = [null], mergedContextConfiguration = [MergedContextConfiguration@6015a4a5 testClass = TestsDaoHibernate, locations = '{classpath:/test/resources/TestsDaoHibernate-context.xml}', classes = '{}', contextInitializerClasses = '[]', activeProfiles = '{}', propertySourceLocations = '{}', propertySourceProperties = '{}', contextLoader = 'org.springframework.test.context.support.DelegatingSmartContextLoader', parent = [null]]]; transaction manager [org.springframework.orm.hibernate5.HibernateTransactionManager@62b93086]; rollback [true]
oct. 05, 2024 3:02:50 PM org.springframework.test.context.transaction.TransactionContext endTransaction
INFO: Rolled back transaction for test context [DefaultTestContext@2489e84a testClass = TestsDaoHibernate, testInstance = com.iut.banque.test.dao.TestsDaoHibernate@3f81621c, testMethod = testGetAccountByIdExist@TestsDaoHibernate, testException = [null], mergedContextConfiguration = [MergedContextConfiguration@6015a4a5 testClass = TestsDaoHibernate, locations = '{classpath:/test/resources/TestsDaoHibernate-context.xml}', classes = '{}', contextInitializerClasses = '[]', activeProfiles = '{}', propertySourceLocations = '{}', propertySourceProperties = '{}', contextLoader = 'org.springframework.test.context.support.DelegatingSmartContextLoader', parent = [null]]].
]]></system-err>
  </testcase>
  <testcase name="testGetCompteSansDecouvert" classname="com.iut.banque.test.dao.TestsDaoHibernate" time="0.004">
    <system-err><![CDATA[oct. 05, 2024 3:02:50 PM org.springframework.test.context.transaction.TransactionContext startTransaction
INFO: Began transaction (1) for test context [DefaultTestContext@2489e84a testClass = TestsDaoHibernate, testInstance = com.iut.banque.test.dao.TestsDaoHibernate@228bda54, testMethod = testGetCompteSansDecouvert@TestsDaoHibernate, testException = [null], mergedContextConfiguration = [MergedContextConfiguration@6015a4a5 testClass = TestsDaoHibernate, locations = '{classpath:/test/resources/TestsDaoHibernate-context.xml}', classes = '{}', contextInitializerClasses = '[]', activeProfiles = '{}', propertySourceLocations = '{}', propertySourceProperties = '{}', contextLoader = 'org.springframework.test.context.support.DelegatingSmartContextLoader', parent = [null]]]; transaction manager [org.springframework.orm.hibernate5.HibernateTransactionManager@62b93086]; rollback [true]
oct. 05, 2024 3:02:50 PM org.springframework.test.context.transaction.TransactionContext endTransaction
INFO: Rolled back transaction for test context [DefaultTestContext@2489e84a testClass = TestsDaoHibernate, testInstance = com.iut.banque.test.dao.TestsDaoHibernate@228bda54, testMethod = testGetCompteSansDecouvert@TestsDaoHibernate, testException = [null], mergedContextConfiguration = [MergedContextConfiguration@6015a4a5 testClass = TestsDaoHibernate, locations = '{classpath:/test/resources/TestsDaoHibernate-context.xml}', classes = '{}', contextInitializerClasses = '[]', activeProfiles = '{}', propertySourceLocations = '{}', propertySourceProperties = '{}', contextLoader = 'org.springframework.test.context.support.DelegatingSmartContextLoader', parent = [null]]].
]]></system-err>
  </testcase>
  <testcase name="testDeleteAccountExist" classname="com.iut.banque.test.dao.TestsDaoHibernate" time="0.01">
    <system-err><![CDATA[oct. 05, 2024 3:02:50 PM org.springframework.test.context.transaction.TransactionContext startTransaction
INFO: Began transaction (1) for test context [DefaultTestContext@2489e84a testClass = TestsDaoHibernate, testInstance = com.iut.banque.test.dao.TestsDaoHibernate@21a9a705, testMethod = testDeleteAccountExist@TestsDaoHibernate, testException = [null], mergedContextConfiguration = [MergedContextConfiguration@6015a4a5 testClass = TestsDaoHibernate, locations = '{classpath:/test/resources/TestsDaoHibernate-context.xml}', classes = '{}', contextInitializerClasses = '[]', activeProfiles = '{}', propertySourceLocations = '{}', propertySourceProperties = '{}', contextLoader = 'org.springframework.test.context.support.DelegatingSmartContextLoader', parent = [null]]]; transaction manager [org.springframework.orm.hibernate5.HibernateTransactionManager@62b93086]; rollback [true]
oct. 05, 2024 3:02:50 PM org.springframework.test.context.transaction.TransactionContext endTransaction
INFO: Rolled back transaction for test context [DefaultTestContext@2489e84a testClass = TestsDaoHibernate, testInstance = com.iut.banque.test.dao.TestsDaoHibernate@21a9a705, testMethod = testDeleteAccountExist@TestsDaoHibernate, testException = [null], mergedContextConfiguration = [MergedContextConfiguration@6015a4a5 testClass = TestsDaoHibernate, locations = '{classpath:/test/resources/TestsDaoHibernate-context.xml}', classes = '{}', contextInitializerClasses = '[]', activeProfiles = '{}', propertySourceLocations = '{}', propertySourceProperties = '{}', contextLoader = 'org.springframework.test.context.support.DelegatingSmartContextLoader', parent = [null]]].
]]></system-err>
  </testcase>
  <testcase name="testCreateUserExistingId" classname="com.iut.banque.test.dao.TestsDaoHibernate" time="0.004">
    <system-err><![CDATA[oct. 05, 2024 3:02:50 PM org.springframework.test.context.transaction.TransactionContext startTransaction
INFO: Began transaction (1) for test context [DefaultTestContext@2489e84a testClass = TestsDaoHibernate, testInstance = com.iut.banque.test.dao.TestsDaoHibernate@36c2d629, testMethod = testCreateUserExistingId@TestsDaoHibernate, testException = [null], mergedContextConfiguration = [MergedContextConfiguration@6015a4a5 testClass = TestsDaoHibernate, locations = '{classpath:/test/resources/TestsDaoHibernate-context.xml}', classes = '{}', contextInitializerClasses = '[]', activeProfiles = '{}', propertySourceLocations = '{}', propertySourceProperties = '{}', contextLoader = 'org.springframework.test.context.support.DelegatingSmartContextLoader', parent = [null]]]; transaction manager [org.springframework.orm.hibernate5.HibernateTransactionManager@62b93086]; rollback [true]
oct. 05, 2024 3:02:50 PM org.springframework.test.context.transaction.TransactionContext endTransaction
INFO: Rolled back transaction for test context [DefaultTestContext@2489e84a testClass = TestsDaoHibernate, testInstance = com.iut.banque.test.dao.TestsDaoHibernate@36c2d629, testMethod = testCreateUserExistingId@TestsDaoHibernate, testException = [null], mergedContextConfiguration = [MergedContextConfiguration@6015a4a5 testClass = TestsDaoHibernate, locations = '{classpath:/test/resources/TestsDaoHibernate-context.xml}', classes = '{}', contextInitializerClasses = '[]', activeProfiles = '{}', propertySourceLocations = '{}', propertySourceProperties = '{}', contextLoader = 'org.springframework.test.context.support.DelegatingSmartContextLoader', parent = [null]]].
]]></system-err>
  </testcase>
  <testcase name="testGetUserByIdExist" classname="com.iut.banque.test.dao.TestsDaoHibernate" time="0.004">
    <system-err><![CDATA[oct. 05, 2024 3:02:50 PM org.springframework.test.context.transaction.TransactionContext startTransaction
INFO: Began transaction (1) for test context [DefaultTestContext@2489e84a testClass = TestsDaoHibernate, testInstance = com.iut.banque.test.dao.TestsDaoHibernate@7c37f145, testMethod = testGetUserByIdExist@TestsDaoHibernate, testException = [null], mergedContextConfiguration = [MergedContextConfiguration@6015a4a5 testClass = TestsDaoHibernate, locations = '{classpath:/test/resources/TestsDaoHibernate-context.xml}', classes = '{}', contextInitializerClasses = '[]', activeProfiles = '{}', propertySourceLocations = '{}', propertySourceProperties = '{}', contextLoader = 'org.springframework.test.context.support.DelegatingSmartContextLoader', parent = [null]]]; transaction manager [org.springframework.orm.hibernate5.HibernateTransactionManager@62b93086]; rollback [true]
oct. 05, 2024 3:02:50 PM org.springframework.test.context.transaction.TransactionContext endTransaction
INFO: Rolled back transaction for test context [DefaultTestContext@2489e84a testClass = TestsDaoHibernate, testInstance = com.iut.banque.test.dao.TestsDaoHibernate@7c37f145, testMethod = testGetUserByIdExist@TestsDaoHibernate, testException = [null], mergedContextConfiguration = [MergedContextConfiguration@6015a4a5 testClass = TestsDaoHibernate, locations = '{classpath:/test/resources/TestsDaoHibernate-context.xml}', classes = '{}', contextInitializerClasses = '[]', activeProfiles = '{}', propertySourceLocations = '{}', propertySourceProperties = '{}', contextLoader = 'org.springframework.test.context.support.DelegatingSmartContextLoader', parent = [null]]].
]]></system-err>
  </testcase>
  <testcase name="testGetAccountByIdDoesntExist" classname="com.iut.banque.test.dao.TestsDaoHibernate" time="0.002">
    <system-err><![CDATA[oct. 05, 2024 3:02:50 PM org.springframework.test.context.transaction.TransactionContext startTransaction
INFO: Began transaction (1) for test context [DefaultTestContext@2489e84a testClass = TestsDaoHibernate, testInstance = com.iut.banque.test.dao.TestsDaoHibernate@adcfad9, testMethod = testGetAccountByIdDoesntExist@TestsDaoHibernate, testException = [null], mergedContextConfiguration = [MergedContextConfiguration@6015a4a5 testClass = TestsDaoHibernate, locations = '{classpath:/test/resources/TestsDaoHibernate-context.xml}', classes = '{}', contextInitializerClasses = '[]', activeProfiles = '{}', propertySourceLocations = '{}', propertySourceProperties = '{}', contextLoader = 'org.springframework.test.context.support.DelegatingSmartContextLoader', parent = [null]]]; transaction manager [org.springframework.orm.hibernate5.HibernateTransactionManager@62b93086]; rollback [true]
oct. 05, 2024 3:02:50 PM org.springframework.test.context.transaction.TransactionContext endTransaction
INFO: Rolled back transaction for test context [DefaultTestContext@2489e84a testClass = TestsDaoHibernate, testInstance = com.iut.banque.test.dao.TestsDaoHibernate@adcfad9, testMethod = testGetAccountByIdDoesntExist@TestsDaoHibernate, testException = [null], mergedContextConfiguration = [MergedContextConfiguration@6015a4a5 testClass = TestsDaoHibernate, locations = '{classpath:/test/resources/TestsDaoHibernate-context.xml}', classes = '{}', contextInitializerClasses = '[]', activeProfiles = '{}', propertySourceLocations = '{}', propertySourceProperties = '{}', contextLoader = 'org.springframework.test.context.support.DelegatingSmartContextLoader', parent = [null]]].
]]></system-err>
  </testcase>
  <testcase name="testGetClientById" classname="com.iut.banque.test.dao.TestsDaoHibernate" time="0.004">
    <system-err><![CDATA[oct. 05, 2024 3:02:50 PM org.springframework.test.context.transaction.TransactionContext startTransaction
INFO: Began transaction (1) for test context [DefaultTestContext@2489e84a testClass = TestsDaoHibernate, testInstance = com.iut.banque.test.dao.TestsDaoHibernate@7da34b26, testMethod = testGetClientById@TestsDaoHibernate, testException = [null], mergedContextConfiguration = [MergedContextConfiguration@6015a4a5 testClass = TestsDaoHibernate, locations = '{classpath:/test/resources/TestsDaoHibernate-context.xml}', classes = '{}', contextInitializerClasses = '[]', activeProfiles = '{}', propertySourceLocations = '{}', propertySourceProperties = '{}', contextLoader = 'org.springframework.test.context.support.DelegatingSmartContextLoader', parent = [null]]]; transaction manager [org.springframework.orm.hibernate5.HibernateTransactionManager@62b93086]; rollback [true]
oct. 05, 2024 3:02:50 PM org.springframework.test.context.transaction.TransactionContext endTransaction
INFO: Rolled back transaction for test context [DefaultTestContext@2489e84a testClass = TestsDaoHibernate, testInstance = com.iut.banque.test.dao.TestsDaoHibernate@7da34b26, testMethod = testGetClientById@TestsDaoHibernate, testException = [null], mergedContextConfiguration = [MergedContextConfiguration@6015a4a5 testClass = TestsDaoHibernate, locations = '{classpath:/test/resources/TestsDaoHibernate-context.xml}', classes = '{}', contextInitializerClasses = '[]', activeProfiles = '{}', propertySourceLocations = '{}', propertySourceProperties = '{}', contextLoader = 'org.springframework.test.context.support.DelegatingSmartContextLoader', parent = [null]]].
]]></system-err>
  </testcase>
  <testcase name="testIsNullPassword" classname="com.iut.banque.test.dao.TestsDaoHibernate" time="0.002">
    <system-err><![CDATA[oct. 05, 2024 3:02:50 PM org.springframework.test.context.transaction.TransactionContext startTransaction
INFO: Began transaction (1) for test context [DefaultTestContext@2489e84a testClass = TestsDaoHibernate, testInstance = com.iut.banque.test.dao.TestsDaoHibernate@309cedb6, testMethod = testIsNullPassword@TestsDaoHibernate, testException = [null], mergedContextConfiguration = [MergedContextConfiguration@6015a4a5 testClass = TestsDaoHibernate, locations = '{classpath:/test/resources/TestsDaoHibernate-context.xml}', classes = '{}', contextInitializerClasses = '[]', activeProfiles = '{}', propertySourceLocations = '{}', propertySourceProperties = '{}', contextLoader = 'org.springframework.test.context.support.DelegatingSmartContextLoader', parent = [null]]]; transaction manager [org.springframework.orm.hibernate5.HibernateTransactionManager@62b93086]; rollback [true]
oct. 05, 2024 3:02:50 PM org.springframework.test.context.transaction.TransactionContext endTransaction
INFO: Rolled back transaction for test context [DefaultTestContext@2489e84a testClass = TestsDaoHibernate, testInstance = com.iut.banque.test.dao.TestsDaoHibernate@309cedb6, testMethod = testIsNullPassword@TestsDaoHibernate, testException = [null], mergedContextConfiguration = [MergedContextConfiguration@6015a4a5 testClass = TestsDaoHibernate, locations = '{classpath:/test/resources/TestsDaoHibernate-context.xml}', classes = '{}', contextInitializerClasses = '[]', activeProfiles = '{}', propertySourceLocations = '{}', propertySourceProperties = '{}', contextLoader = 'org.springframework.test.context.support.DelegatingSmartContextLoader', parent = [null]]].
]]></system-err>
  </testcase>
  <testcase name="testGetCompteAvecDecouvert" classname="com.iut.banque.test.dao.TestsDaoHibernate" time="0.006">
    <system-err><![CDATA[oct. 05, 2024 3:02:50 PM org.springframework.test.context.transaction.TransactionContext startTransaction
INFO: Began transaction (1) for test context [DefaultTestContext@2489e84a testClass = TestsDaoHibernate, testInstance = com.iut.banque.test.dao.TestsDaoHibernate@3b95a6db, testMethod = testGetCompteAvecDecouvert@TestsDaoHibernate, testException = [null], mergedContextConfiguration = [MergedContextConfiguration@6015a4a5 testClass = TestsDaoHibernate, locations = '{classpath:/test/resources/TestsDaoHibernate-context.xml}', classes = '{}', contextInitializerClasses = '[]', activeProfiles = '{}', propertySourceLocations = '{}', propertySourceProperties = '{}', contextLoader = 'org.springframework.test.context.support.DelegatingSmartContextLoader', parent = [null]]]; transaction manager [org.springframework.orm.hibernate5.HibernateTransactionManager@62b93086]; rollback [true]
oct. 05, 2024 3:02:50 PM org.springframework.test.context.transaction.TransactionContext endTransaction
INFO: Rolled back transaction for test context [DefaultTestContext@2489e84a testClass = TestsDaoHibernate, testInstance = com.iut.banque.test.dao.TestsDaoHibernate@3b95a6db, testMethod = testGetCompteAvecDecouvert@TestsDaoHibernate, testException = [null], mergedContextConfiguration = [MergedContextConfiguration@6015a4a5 testClass = TestsDaoHibernate, locations = '{classpath:/test/resources/TestsDaoHibernate-context.xml}', classes = '{}', contextInitializerClasses = '[]', activeProfiles = '{}', propertySourceLocations = '{}', propertySourceProperties = '{}', contextLoader = 'org.springframework.test.context.support.DelegatingSmartContextLoader', parent = [null]]].
]]></system-err>
  </testcase>
  <testcase name="testGetAccountsByUserIdExist" classname="com.iut.banque.test.dao.TestsDaoHibernate" time="0.005">
    <system-err><![CDATA[oct. 05, 2024 3:02:50 PM org.springframework.test.context.transaction.TransactionContext startTransaction
INFO: Began transaction (1) for test context [DefaultTestContext@2489e84a testClass = TestsDaoHibernate, testInstance = com.iut.banque.test.dao.TestsDaoHibernate@2ffb3aec, testMethod = testGetAccountsByUserIdExist@TestsDaoHibernate, testException = [null], mergedContextConfiguration = [MergedContextConfiguration@6015a4a5 testClass = TestsDaoHibernate, locations = '{classpath:/test/resources/TestsDaoHibernate-context.xml}', classes = '{}', contextInitializerClasses = '[]', activeProfiles = '{}', propertySourceLocations = '{}', propertySourceProperties = '{}', contextLoader = 'org.springframework.test.context.support.DelegatingSmartContextLoader', parent = [null]]]; transaction manager [org.springframework.orm.hibernate5.HibernateTransactionManager@62b93086]; rollback [true]
oct. 05, 2024 3:02:50 PM org.springframework.test.context.transaction.TransactionContext endTransaction
INFO: Rolled back transaction for test context [DefaultTestContext@2489e84a testClass = TestsDaoHibernate, testInstance = com.iut.banque.test.dao.TestsDaoHibernate@2ffb3aec, testMethod = testGetAccountsByUserIdExist@TestsDaoHibernate, testException = [null], mergedContextConfiguration = [MergedContextConfiguration@6015a4a5 testClass = TestsDaoHibernate, locations = '{classpath:/test/resources/TestsDaoHibernate-context.xml}', classes = '{}', contextInitializerClasses = '[]', activeProfiles = '{}', propertySourceLocations = '{}', propertySourceProperties = '{}', contextLoader = 'org.springframework.test.context.support.DelegatingSmartContextLoader', parent = [null]]].
]]></system-err>
  </testcase>
  <testcase name="testCreateCompteSansDecouvert" classname="com.iut.banque.test.dao.TestsDaoHibernate" time="0.008">
    <system-err><![CDATA[oct. 05, 2024 3:02:50 PM org.springframework.test.context.transaction.TransactionContext startTransaction
INFO: Began transaction (1) for test context [DefaultTestContext@2489e84a testClass = TestsDaoHibernate, testInstance = com.iut.banque.test.dao.TestsDaoHibernate@4da39ca9, testMethod = testCreateCompteSansDecouvert@TestsDaoHibernate, testException = [null], mergedContextConfiguration = [MergedContextConfiguration@6015a4a5 testClass = TestsDaoHibernate, locations = '{classpath:/test/resources/TestsDaoHibernate-context.xml}', classes = '{}', contextInitializerClasses = '[]', activeProfiles = '{}', propertySourceLocations = '{}', propertySourceProperties = '{}', contextLoader = 'org.springframework.test.context.support.DelegatingSmartContextLoader', parent = [null]]]; transaction manager [org.springframework.orm.hibernate5.HibernateTransactionManager@62b93086]; rollback [true]
oct. 05, 2024 3:02:50 PM org.springframework.test.context.transaction.TransactionContext endTransaction
INFO: Rolled back transaction for test context [DefaultTestContext@2489e84a testClass = TestsDaoHibernate, testInstance = com.iut.banque.test.dao.TestsDaoHibernate@4da39ca9, testMethod = testCreateCompteSansDecouvert@TestsDaoHibernate, testException = [null], mergedContextConfiguration = [MergedContextConfiguration@6015a4a5 testClass = TestsDaoHibernate, locations = '{classpath:/test/resources/TestsDaoHibernate-context.xml}', classes = '{}', contextInitializerClasses = '[]', activeProfiles = '{}', propertySourceLocations = '{}', propertySourceProperties = '{}', contextLoader = 'org.springframework.test.context.support.DelegatingSmartContextLoader', parent = [null]]].
]]></system-err>
  </testcase>
  <testcase name="testIsUserAllowedNullLogin" classname="com.iut.banque.test.dao.TestsDaoHibernate" time="0.003">
    <system-err><![CDATA[oct. 05, 2024 3:02:50 PM org.springframework.test.context.transaction.TransactionContext startTransaction
INFO: Began transaction (1) for test context [DefaultTestContext@2489e84a testClass = TestsDaoHibernate, testInstance = com.iut.banque.test.dao.TestsDaoHibernate@7d97e06c, testMethod = testIsUserAllowedNullLogin@TestsDaoHibernate, testException = [null], mergedContextConfiguration = [MergedContextConfiguration@6015a4a5 testClass = TestsDaoHibernate, locations = '{classpath:/test/resources/TestsDaoHibernate-context.xml}', classes = '{}', contextInitializerClasses = '[]', activeProfiles = '{}', propertySourceLocations = '{}', propertySourceProperties = '{}', contextLoader = 'org.springframework.test.context.support.DelegatingSmartContextLoader', parent = [null]]]; transaction manager [org.springframework.orm.hibernate5.HibernateTransactionManager@62b93086]; rollback [true]
oct. 05, 2024 3:02:50 PM org.springframework.test.context.transaction.TransactionContext endTransaction
INFO: Rolled back transaction for test context [DefaultTestContext@2489e84a testClass = TestsDaoHibernate, testInstance = com.iut.banque.test.dao.TestsDaoHibernate@7d97e06c, testMethod = testIsUserAllowedNullLogin@TestsDaoHibernate, testException = [null], mergedContextConfiguration = [MergedContextConfiguration@6015a4a5 testClass = TestsDaoHibernate, locations = '{classpath:/test/resources/TestsDaoHibernate-context.xml}', classes = '{}', contextInitializerClasses = '[]', activeProfiles = '{}', propertySourceLocations = '{}', propertySourceProperties = '{}', contextLoader = 'org.springframework.test.context.support.DelegatingSmartContextLoader', parent = [null]]].
]]></system-err>
  </testcase>
  <testcase name="testGetAccountsByUserIdDoesntExist" classname="com.iut.banque.test.dao.TestsDaoHibernate" time="0.005">
    <system-err><![CDATA[oct. 05, 2024 3:02:50 PM org.springframework.test.context.transaction.TransactionContext startTransaction
INFO: Began transaction (1) for test context [DefaultTestContext@2489e84a testClass = TestsDaoHibernate, testInstance = com.iut.banque.test.dao.TestsDaoHibernate@5a936e64, testMethod = testGetAccountsByUserIdDoesntExist@TestsDaoHibernate, testException = [null], mergedContextConfiguration = [MergedContextConfiguration@6015a4a5 testClass = TestsDaoHibernate, locations = '{classpath:/test/resources/TestsDaoHibernate-context.xml}', classes = '{}', contextInitializerClasses = '[]', activeProfiles = '{}', propertySourceLocations = '{}', propertySourceProperties = '{}', contextLoader = 'org.springframework.test.context.support.DelegatingSmartContextLoader', parent = [null]]]; transaction manager [org.springframework.orm.hibernate5.HibernateTransactionManager@62b93086]; rollback [true]
oct. 05, 2024 3:02:50 PM org.springframework.test.context.transaction.TransactionContext endTransaction
INFO: Rolled back transaction for test context [DefaultTestContext@2489e84a testClass = TestsDaoHibernate, testInstance = com.iut.banque.test.dao.TestsDaoHibernate@5a936e64, testMethod = testGetAccountsByUserIdDoesntExist@TestsDaoHibernate, testException = [null], mergedContextConfiguration = [MergedContextConfiguration@6015a4a5 testClass = TestsDaoHibernate, locations = '{classpath:/test/resources/TestsDaoHibernate-context.xml}', classes = '{}', contextInitializerClasses = '[]', activeProfiles = '{}', propertySourceLocations = '{}', propertySourceProperties = '{}', contextLoader = 'org.springframework.test.context.support.DelegatingSmartContextLoader', parent = [null]]].
]]></system-err>
  </testcase>
  <testcase name="testGetUserByIdDoesntExist" classname="com.iut.banque.test.dao.TestsDaoHibernate" time="0.003">
    <system-err><![CDATA[oct. 05, 2024 3:02:50 PM org.springframework.test.context.transaction.TransactionContext startTransaction
INFO: Began transaction (1) for test context [DefaultTestContext@2489e84a testClass = TestsDaoHibernate, testInstance = com.iut.banque.test.dao.TestsDaoHibernate@66cd621b, testMethod = testGetUserByIdDoesntExist@TestsDaoHibernate, testException = [null], mergedContextConfiguration = [MergedContextConfiguration@6015a4a5 testClass = TestsDaoHibernate, locations = '{classpath:/test/resources/TestsDaoHibernate-context.xml}', classes = '{}', contextInitializerClasses = '[]', activeProfiles = '{}', propertySourceLocations = '{}', propertySourceProperties = '{}', contextLoader = 'org.springframework.test.context.support.DelegatingSmartContextLoader', parent = [null]]]; transaction manager [org.springframework.orm.hibernate5.HibernateTransactionManager@62b93086]; rollback [true]
oct. 05, 2024 3:02:50 PM org.springframework.test.context.transaction.TransactionContext endTransaction
INFO: Rolled back transaction for test context [DefaultTestContext@2489e84a testClass = TestsDaoHibernate, testInstance = com.iut.banque.test.dao.TestsDaoHibernate@66cd621b, testMethod = testGetUserByIdDoesntExist@TestsDaoHibernate, testException = [null], mergedContextConfiguration = [MergedContextConfiguration@6015a4a5 testClass = TestsDaoHibernate, locations = '{classpath:/test/resources/TestsDaoHibernate-context.xml}', classes = '{}', contextInitializerClasses = '[]', activeProfiles = '{}', propertySourceLocations = '{}', propertySourceProperties = '{}', contextLoader = 'org.springframework.test.context.support.DelegatingSmartContextLoader', parent = [null]]].
]]></system-err>
  </testcase>
  <testcase name="testCreateGestionnaire" classname="com.iut.banque.test.dao.TestsDaoHibernate" time="0.006">
    <system-err><![CDATA[oct. 05, 2024 3:02:50 PM org.springframework.test.context.transaction.TransactionContext startTransaction
INFO: Began transaction (1) for test context [DefaultTestContext@2489e84a testClass = TestsDaoHibernate, testInstance = com.iut.banque.test.dao.TestsDaoHibernate@d70f722, testMethod = testCreateGestionnaire@TestsDaoHibernate, testException = [null], mergedContextConfiguration = [MergedContextConfiguration@6015a4a5 testClass = TestsDaoHibernate, locations = '{classpath:/test/resources/TestsDaoHibernate-context.xml}', classes = '{}', contextInitializerClasses = '[]', activeProfiles = '{}', propertySourceLocations = '{}', propertySourceProperties = '{}', contextLoader = 'org.springframework.test.context.support.DelegatingSmartContextLoader', parent = [null]]]; transaction manager [org.springframework.orm.hibernate5.HibernateTransactionManager@62b93086]; rollback [true]
oct. 05, 2024 3:02:50 PM org.springframework.test.context.transaction.TransactionContext endTransaction
INFO: Rolled back transaction for test context [DefaultTestContext@2489e84a testClass = TestsDaoHibernate, testInstance = com.iut.banque.test.dao.TestsDaoHibernate@d70f722, testMethod = testCreateGestionnaire@TestsDaoHibernate, testException = [null], mergedContextConfiguration = [MergedContextConfiguration@6015a4a5 testClass = TestsDaoHibernate, locations = '{classpath:/test/resources/TestsDaoHibernate-context.xml}', classes = '{}', contextInitializerClasses = '[]', activeProfiles = '{}', propertySourceLocations = '{}', propertySourceProperties = '{}', contextLoader = 'org.springframework.test.context.support.DelegatingSmartContextLoader', parent = [null]]].
]]></system-err>
  </testcase>
  <testcase name="testCreateCompteAvecDecouvertExistingId" classname="com.iut.banque.test.dao.TestsDaoHibernate" time="0.005">
    <system-err><![CDATA[oct. 05, 2024 3:02:50 PM org.springframework.test.context.transaction.TransactionContext startTransaction
INFO: Began transaction (1) for test context [DefaultTestContext@2489e84a testClass = TestsDaoHibernate, testInstance = com.iut.banque.test.dao.TestsDaoHibernate@1d8b0500, testMethod = testCreateCompteAvecDecouvertExistingId@TestsDaoHibernate, testException = [null], mergedContextConfiguration = [MergedContextConfiguration@6015a4a5 testClass = TestsDaoHibernate, locations = '{classpath:/test/resources/TestsDaoHibernate-context.xml}', classes = '{}', contextInitializerClasses = '[]', activeProfiles = '{}', propertySourceLocations = '{}', propertySourceProperties = '{}', contextLoader = 'org.springframework.test.context.support.DelegatingSmartContextLoader', parent = [null]]]; transaction manager [org.springframework.orm.hibernate5.HibernateTransactionManager@62b93086]; rollback [true]
oct. 05, 2024 3:02:50 PM org.springframework.test.context.transaction.TransactionContext endTransaction
INFO: Rolled back transaction for test context [DefaultTestContext@2489e84a testClass = TestsDaoHibernate, testInstance = com.iut.banque.test.dao.TestsDaoHibernate@1d8b0500, testMethod = testCreateCompteAvecDecouvertExistingId@TestsDaoHibernate, testException = [null], mergedContextConfiguration = [MergedContextConfiguration@6015a4a5 testClass = TestsDaoHibernate, locations = '{classpath:/test/resources/TestsDaoHibernate-context.xml}', classes = '{}', contextInitializerClasses = '[]', activeProfiles = '{}', propertySourceLocations = '{}', propertySourceProperties = '{}', contextLoader = 'org.springframework.test.context.support.DelegatingSmartContextLoader', parent = [null]]].
]]></system-err>
  </testcase>
  <testcase name="testIsUserAllowedEmptyPassword" classname="com.iut.banque.test.dao.TestsDaoHibernate" time="0.002">
    <system-err><![CDATA[oct. 05, 2024 3:02:50 PM org.springframework.test.context.transaction.TransactionContext startTransaction
INFO: Began transaction (1) for test context [DefaultTestContext@2489e84a testClass = TestsDaoHibernate, testInstance = com.iut.banque.test.dao.TestsDaoHibernate@43c57161, testMethod = testIsUserAllowedEmptyPassword@TestsDaoHibernate, testException = [null], mergedContextConfiguration = [MergedContextConfiguration@6015a4a5 testClass = TestsDaoHibernate, locations = '{classpath:/test/resources/TestsDaoHibernate-context.xml}', classes = '{}', contextInitializerClasses = '[]', activeProfiles = '{}', propertySourceLocations = '{}', propertySourceProperties = '{}', contextLoader = 'org.springframework.test.context.support.DelegatingSmartContextLoader', parent = [null]]]; transaction manager [org.springframework.orm.hibernate5.HibernateTransactionManager@62b93086]; rollback [true]
oct. 05, 2024 3:02:50 PM org.springframework.test.context.transaction.TransactionContext endTransaction
INFO: Rolled back transaction for test context [DefaultTestContext@2489e84a testClass = TestsDaoHibernate, testInstance = com.iut.banque.test.dao.TestsDaoHibernate@43c57161, testMethod = testIsUserAllowedEmptyPassword@TestsDaoHibernate, testException = [null], mergedContextConfiguration = [MergedContextConfiguration@6015a4a5 testClass = TestsDaoHibernate, locations = '{classpath:/test/resources/TestsDaoHibernate-context.xml}', classes = '{}', contextInitializerClasses = '[]', activeProfiles = '{}', propertySourceLocations = '{}', propertySourceProperties = '{}', contextLoader = 'org.springframework.test.context.support.DelegatingSmartContextLoader', parent = [null]]].
]]></system-err>
  </testcase>
  <testcase name="testCreateUser" classname="com.iut.banque.test.dao.TestsDaoHibernate" time="0.005">
    <system-err><![CDATA[oct. 05, 2024 3:02:50 PM org.springframework.test.context.transaction.TransactionContext startTransaction
INFO: Began transaction (1) for test context [DefaultTestContext@2489e84a testClass = TestsDaoHibernate, testInstance = com.iut.banque.test.dao.TestsDaoHibernate@d902300, testMethod = testCreateUser@TestsDaoHibernate, testException = [null], mergedContextConfiguration = [MergedContextConfiguration@6015a4a5 testClass = TestsDaoHibernate, locations = '{classpath:/test/resources/TestsDaoHibernate-context.xml}', classes = '{}', contextInitializerClasses = '[]', activeProfiles = '{}', propertySourceLocations = '{}', propertySourceProperties = '{}', contextLoader = 'org.springframework.test.context.support.DelegatingSmartContextLoader', parent = [null]]]; transaction manager [org.springframework.orm.hibernate5.HibernateTransactionManager@62b93086]; rollback [true]
oct. 05, 2024 3:02:50 PM org.springframework.test.context.transaction.TransactionContext endTransaction
INFO: Rolled back transaction for test context [DefaultTestContext@2489e84a testClass = TestsDaoHibernate, testInstance = com.iut.banque.test.dao.TestsDaoHibernate@d902300, testMethod = testCreateUser@TestsDaoHibernate, testException = [null], mergedContextConfiguration = [MergedContextConfiguration@6015a4a5 testClass = TestsDaoHibernate, locations = '{classpath:/test/resources/TestsDaoHibernate-context.xml}', classes = '{}', contextInitializerClasses = '[]', activeProfiles = '{}', propertySourceLocations = '{}', propertySourceProperties = '{}', contextLoader = 'org.springframework.test.context.support.DelegatingSmartContextLoader', parent = [null]]].
]]></system-err>
  </testcase>
  <testcase name="testCreateCompteSansDecouvertExistingId" classname="com.iut.banque.test.dao.TestsDaoHibernate" time="0.005">
    <system-err><![CDATA[oct. 05, 2024 3:02:50 PM org.springframework.test.context.transaction.TransactionContext startTransaction
INFO: Began transaction (1) for test context [DefaultTestContext@2489e84a testClass = TestsDaoHibernate, testInstance = com.iut.banque.test.dao.TestsDaoHibernate@383caf89, testMethod = testCreateCompteSansDecouvertExistingId@TestsDaoHibernate, testException = [null], mergedContextConfiguration = [MergedContextConfiguration@6015a4a5 testClass = TestsDaoHibernate, locations = '{classpath:/test/resources/TestsDaoHibernate-context.xml}', classes = '{}', contextInitializerClasses = '[]', activeProfiles = '{}', propertySourceLocations = '{}', propertySourceProperties = '{}', contextLoader = 'org.springframework.test.context.support.DelegatingSmartContextLoader', parent = [null]]]; transaction manager [org.springframework.orm.hibernate5.HibernateTransactionManager@62b93086]; rollback [true]
oct. 05, 2024 3:02:50 PM org.springframework.test.context.transaction.TransactionContext endTransaction
INFO: Rolled back transaction for test context [DefaultTestContext@2489e84a testClass = TestsDaoHibernate, testInstance = com.iut.banque.test.dao.TestsDaoHibernate@383caf89, testMethod = testCreateCompteSansDecouvertExistingId@TestsDaoHibernate, testException = [null], mergedContextConfiguration = [MergedContextConfiguration@6015a4a5 testClass = TestsDaoHibernate, locations = '{classpath:/test/resources/TestsDaoHibernate-context.xml}', classes = '{}', contextInitializerClasses = '[]', activeProfiles = '{}', propertySourceLocations = '{}', propertySourceProperties = '{}', contextLoader = 'org.springframework.test.context.support.DelegatingSmartContextLoader', parent = [null]]].
]]></system-err>
  </testcase>
  <testcase name="testDeleteUser" classname="com.iut.banque.test.dao.TestsDaoHibernate" time="0.004">
    <system-err><![CDATA[oct. 05, 2024 3:02:50 PM org.springframework.test.context.transaction.TransactionContext startTransaction
INFO: Began transaction (1) for test context [DefaultTestContext@2489e84a testClass = TestsDaoHibernate, testInstance = com.iut.banque.test.dao.TestsDaoHibernate@62a68bcb, testMethod = testDeleteUser@TestsDaoHibernate, testException = [null], mergedContextConfiguration = [MergedContextConfiguration@6015a4a5 testClass = TestsDaoHibernate, locations = '{classpath:/test/resources/TestsDaoHibernate-context.xml}', classes = '{}', contextInitializerClasses = '[]', activeProfiles = '{}', propertySourceLocations = '{}', propertySourceProperties = '{}', contextLoader = 'org.springframework.test.context.support.DelegatingSmartContextLoader', parent = [null]]]; transaction manager [org.springframework.orm.hibernate5.HibernateTransactionManager@62b93086]; rollback [true]
oct. 05, 2024 3:02:50 PM org.springframework.test.context.transaction.TransactionContext endTransaction
INFO: Rolled back transaction for test context [DefaultTestContext@2489e84a testClass = TestsDaoHibernate, testInstance = com.iut.banque.test.dao.TestsDaoHibernate@62a68bcb, testMethod = testDeleteUser@TestsDaoHibernate, testException = [null], mergedContextConfiguration = [MergedContextConfiguration@6015a4a5 testClass = TestsDaoHibernate, locations = '{classpath:/test/resources/TestsDaoHibernate-context.xml}', classes = '{}', contextInitializerClasses = '[]', activeProfiles = '{}', propertySourceLocations = '{}', propertySourceProperties = '{}', contextLoader = 'org.springframework.test.context.support.DelegatingSmartContextLoader', parent = [null]]].
]]></system-err>
  </testcase>
  <testcase name="testIsUserAllowedEmptyTrimmedLogin" classname="com.iut.banque.test.dao.TestsDaoHibernate" time="0.002">
    <system-err><![CDATA[oct. 05, 2024 3:02:50 PM org.springframework.test.context.transaction.TransactionContext startTransaction
INFO: Began transaction (1) for test context [DefaultTestContext@2489e84a testClass = TestsDaoHibernate, testInstance = com.iut.banque.test.dao.TestsDaoHibernate@430b2699, testMethod = testIsUserAllowedEmptyTrimmedLogin@TestsDaoHibernate, testException = [null], mergedContextConfiguration = [MergedContextConfiguration@6015a4a5 testClass = TestsDaoHibernate, locations = '{classpath:/test/resources/TestsDaoHibernate-context.xml}', classes = '{}', contextInitializerClasses = '[]', activeProfiles = '{}', propertySourceLocations = '{}', propertySourceProperties = '{}', contextLoader = 'org.springframework.test.context.support.DelegatingSmartContextLoader', parent = [null]]]; transaction manager [org.springframework.orm.hibernate5.HibernateTransactionManager@62b93086]; rollback [true]
oct. 05, 2024 3:02:50 PM org.springframework.test.context.transaction.TransactionContext endTransaction
INFO: Rolled back transaction for test context [DefaultTestContext@2489e84a testClass = TestsDaoHibernate, testInstance = com.iut.banque.test.dao.TestsDaoHibernate@430b2699, testMethod = testIsUserAllowedEmptyTrimmedLogin@TestsDaoHibernate, testException = [null], mergedContextConfiguration = [MergedContextConfiguration@6015a4a5 testClass = TestsDaoHibernate, locations = '{classpath:/test/resources/TestsDaoHibernate-context.xml}', classes = '{}', contextInitializerClasses = '[]', activeProfiles = '{}', propertySourceLocations = '{}', propertySourceProperties = '{}', contextLoader = 'org.springframework.test.context.support.DelegatingSmartContextLoader', parent = [null]]].
]]></system-err>
  </testcase>
  <testcase name="testCreateCompteAvecDecouvert" classname="com.iut.banque.test.dao.TestsDaoHibernate" time="0.004">
    <system-err><![CDATA[oct. 05, 2024 3:02:50 PM org.springframework.test.context.transaction.TransactionContext startTransaction
INFO: Began transaction (1) for test context [DefaultTestContext@2489e84a testClass = TestsDaoHibernate, testInstance = com.iut.banque.test.dao.TestsDaoHibernate@67536ae0, testMethod = testCreateCompteAvecDecouvert@TestsDaoHibernate, testException = [null], mergedContextConfiguration = [MergedContextConfiguration@6015a4a5 testClass = TestsDaoHibernate, locations = '{classpath:/test/resources/TestsDaoHibernate-context.xml}', classes = '{}', contextInitializerClasses = '[]', activeProfiles = '{}', propertySourceLocations = '{}', propertySourceProperties = '{}', contextLoader = 'org.springframework.test.context.support.DelegatingSmartContextLoader', parent = [null]]]; transaction manager [org.springframework.orm.hibernate5.HibernateTransactionManager@62b93086]; rollback [true]
oct. 05, 2024 3:02:50 PM org.springframework.test.context.transaction.TransactionContext endTransaction
INFO: Rolled back transaction for test context [DefaultTestContext@2489e84a testClass = TestsDaoHibernate, testInstance = com.iut.banque.test.dao.TestsDaoHibernate@67536ae0, testMethod = testCreateCompteAvecDecouvert@TestsDaoHibernate, testException = [null], mergedContextConfiguration = [MergedContextConfiguration@6015a4a5 testClass = TestsDaoHibernate, locations = '{classpath:/test/resources/TestsDaoHibernate-context.xml}', classes = '{}', contextInitializerClasses = '[]', activeProfiles = '{}', propertySourceLocations = '{}', propertySourceProperties = '{}', contextLoader = 'org.springframework.test.context.support.DelegatingSmartContextLoader', parent = [null]]].
]]></system-err>
  </testcase>
  <testcase name="testIsUserAllowedWrongPassword" classname="com.iut.banque.test.dao.TestsDaoHibernate" time="0.004">
    <system-err><![CDATA[oct. 05, 2024 3:02:50 PM org.springframework.test.context.transaction.TransactionContext startTransaction
INFO: Began transaction (1) for test context [DefaultTestContext@2489e84a testClass = TestsDaoHibernate, testInstance = com.iut.banque.test.dao.TestsDaoHibernate@6d67f5eb, testMethod = testIsUserAllowedWrongPassword@TestsDaoHibernate, testException = [null], mergedContextConfiguration = [MergedContextConfiguration@6015a4a5 testClass = TestsDaoHibernate, locations = '{classpath:/test/resources/TestsDaoHibernate-context.xml}', classes = '{}', contextInitializerClasses = '[]', activeProfiles = '{}', propertySourceLocations = '{}', propertySourceProperties = '{}', contextLoader = 'org.springframework.test.context.support.DelegatingSmartContextLoader', parent = [null]]]; transaction manager [org.springframework.orm.hibernate5.HibernateTransactionManager@62b93086]; rollback [true]
oct. 05, 2024 3:02:50 PM org.springframework.test.context.transaction.TransactionContext endTransaction
INFO: Rolled back transaction for test context [DefaultTestContext@2489e84a testClass = TestsDaoHibernate, testInstance = com.iut.banque.test.dao.TestsDaoHibernate@6d67f5eb, testMethod = testIsUserAllowedWrongPassword@TestsDaoHibernate, testException = [null], mergedContextConfiguration = [MergedContextConfiguration@6015a4a5 testClass = TestsDaoHibernate, locations = '{classpath:/test/resources/TestsDaoHibernate-context.xml}', classes = '{}', contextInitializerClasses = '[]', activeProfiles = '{}', propertySourceLocations = '{}', propertySourceProperties = '{}', contextLoader = 'org.springframework.test.context.support.DelegatingSmartContextLoader', parent = [null]]].
]]></system-err>
  </testcase>
  <testcase name="testGetgestionnaireById" classname="com.iut.banque.test.dao.TestsDaoHibernate" time="0.003">
    <system-err><![CDATA[oct. 05, 2024 3:02:50 PM org.springframework.test.context.transaction.TransactionContext startTransaction
INFO: Began transaction (1) for test context [DefaultTestContext@2489e84a testClass = TestsDaoHibernate, testInstance = com.iut.banque.test.dao.TestsDaoHibernate@7134b8a7, testMethod = testGetgestionnaireById@TestsDaoHibernate, testException = [null], mergedContextConfiguration = [MergedContextConfiguration@6015a4a5 testClass = TestsDaoHibernate, locations = '{classpath:/test/resources/TestsDaoHibernate-context.xml}', classes = '{}', contextInitializerClasses = '[]', activeProfiles = '{}', propertySourceLocations = '{}', propertySourceProperties = '{}', contextLoader = 'org.springframework.test.context.support.DelegatingSmartContextLoader', parent = [null]]]; transaction manager [org.springframework.orm.hibernate5.HibernateTransactionManager@62b93086]; rollback [true]
oct. 05, 2024 3:02:50 PM org.springframework.test.context.transaction.TransactionContext endTransaction
INFO: Rolled back transaction for test context [DefaultTestContext@2489e84a testClass = TestsDaoHibernate, testInstance = com.iut.banque.test.dao.TestsDaoHibernate@7134b8a7, testMethod = testGetgestionnaireById@TestsDaoHibernate, testException = [null], mergedContextConfiguration = [MergedContextConfiguration@6015a4a5 testClass = TestsDaoHibernate, locations = '{classpath:/test/resources/TestsDaoHibernate-context.xml}', classes = '{}', contextInitializerClasses = '[]', activeProfiles = '{}', propertySourceLocations = '{}', propertySourceProperties = '{}', contextLoader = 'org.springframework.test.context.support.DelegatingSmartContextLoader', parent = [null]]].
]]></system-err>
  </testcase>
  <testcase name="testIsUserAllowedUser" classname="com.iut.banque.test.dao.TestsDaoHibernate" time="0.003">
    <system-err><![CDATA[oct. 05, 2024 3:02:50 PM org.springframework.test.context.transaction.TransactionContext startTransaction
INFO: Began transaction (1) for test context [DefaultTestContext@2489e84a testClass = TestsDaoHibernate, testInstance = com.iut.banque.test.dao.TestsDaoHibernate@3ba3d4b6, testMethod = testIsUserAllowedUser@TestsDaoHibernate, testException = [null], mergedContextConfiguration = [MergedContextConfiguration@6015a4a5 testClass = TestsDaoHibernate, locations = '{classpath:/test/resources/TestsDaoHibernate-context.xml}', classes = '{}', contextInitializerClasses = '[]', activeProfiles = '{}', propertySourceLocations = '{}', propertySourceProperties = '{}', contextLoader = 'org.springframework.test.context.support.DelegatingSmartContextLoader', parent = [null]]]; transaction manager [org.springframework.orm.hibernate5.HibernateTransactionManager@62b93086]; rollback [true]
oct. 05, 2024 3:02:50 PM org.springframework.test.context.transaction.TransactionContext endTransaction
INFO: Rolled back transaction for test context [DefaultTestContext@2489e84a testClass = TestsDaoHibernate, testInstance = com.iut.banque.test.dao.TestsDaoHibernate@3ba3d4b6, testMethod = testIsUserAllowedUser@TestsDaoHibernate, testException = [null], mergedContextConfiguration = [MergedContextConfiguration@6015a4a5 testClass = TestsDaoHibernate, locations = '{classpath:/test/resources/TestsDaoHibernate-context.xml}', classes = '{}', contextInitializerClasses = '[]', activeProfiles = '{}', propertySourceLocations = '{}', propertySourceProperties = '{}', contextLoader = 'org.springframework.test.context.support.DelegatingSmartContextLoader', parent = [null]]].
]]></system-err>
  </testcase>
  <testcase name="testCreateClient" classname="com.iut.banque.test.dao.TestsDaoHibernate" time="0.003">
    <system-err><![CDATA[oct. 05, 2024 3:02:50 PM org.springframework.test.context.transaction.TransactionContext startTransaction
INFO: Began transaction (1) for test context [DefaultTestContext@2489e84a testClass = TestsDaoHibernate, testInstance = com.iut.banque.test.dao.TestsDaoHibernate@1642eeae, testMethod = testCreateClient@TestsDaoHibernate, testException = [null], mergedContextConfiguration = [MergedContextConfiguration@6015a4a5 testClass = TestsDaoHibernate, locations = '{classpath:/test/resources/TestsDaoHibernate-context.xml}', classes = '{}', contextInitializerClasses = '[]', activeProfiles = '{}', propertySourceLocations = '{}', propertySourceProperties = '{}', contextLoader = 'org.springframework.test.context.support.DelegatingSmartContextLoader', parent = [null]]]; transaction manager [org.springframework.orm.hibernate5.HibernateTransactionManager@62b93086]; rollback [true]
oct. 05, 2024 3:02:50 PM org.springframework.test.context.transaction.TransactionContext endTransaction
INFO: Rolled back transaction for test context [DefaultTestContext@2489e84a testClass = TestsDaoHibernate, testInstance = com.iut.banque.test.dao.TestsDaoHibernate@1642eeae, testMethod = testCreateClient@TestsDaoHibernate, testException = [null], mergedContextConfiguration = [MergedContextConfiguration@6015a4a5 testClass = TestsDaoHibernate, locations = '{classpath:/test/resources/TestsDaoHibernate-context.xml}', classes = '{}', contextInitializerClasses = '[]', activeProfiles = '{}', propertySourceLocations = '{}', propertySourceProperties = '{}', contextLoader = 'org.springframework.test.context.support.DelegatingSmartContextLoader', parent = [null]]].
]]></system-err>
  </testcase>
  <testcase name="testGetAccountsByUserIdNoAccount" classname="com.iut.banque.test.dao.TestsDaoHibernate" time="0.004">
    <system-err><![CDATA[oct. 05, 2024 3:02:50 PM org.springframework.test.context.transaction.TransactionContext startTransaction
INFO: Began transaction (1) for test context [DefaultTestContext@2489e84a testClass = TestsDaoHibernate, testInstance = com.iut.banque.test.dao.TestsDaoHibernate@502a4156, testMethod = testGetAccountsByUserIdNoAccount@TestsDaoHibernate, testException = [null], mergedContextConfiguration = [MergedContextConfiguration@6015a4a5 testClass = TestsDaoHibernate, locations = '{classpath:/test/resources/TestsDaoHibernate-context.xml}', classes = '{}', contextInitializerClasses = '[]', activeProfiles = '{}', propertySourceLocations = '{}', propertySourceProperties = '{}', contextLoader = 'org.springframework.test.context.support.DelegatingSmartContextLoader', parent = [null]]]; transaction manager [org.springframework.orm.hibernate5.HibernateTransactionManager@62b93086]; rollback [true]
oct. 05, 2024 3:02:50 PM org.springframework.test.context.transaction.TransactionContext endTransaction
INFO: Rolled back transaction for test context [DefaultTestContext@2489e84a testClass = TestsDaoHibernate, testInstance = com.iut.banque.test.dao.TestsDaoHibernate@502a4156, testMethod = testGetAccountsByUserIdNoAccount@TestsDaoHibernate, testException = [null], mergedContextConfiguration = [MergedContextConfiguration@6015a4a5 testClass = TestsDaoHibernate, locations = '{classpath:/test/resources/TestsDaoHibernate-context.xml}', classes = '{}', contextInitializerClasses = '[]', activeProfiles = '{}', propertySourceLocations = '{}', propertySourceProperties = '{}', contextLoader = 'org.springframework.test.context.support.DelegatingSmartContextLoader', parent = [null]]].
]]></system-err>
  </testcase>
</testsuite>